2024-09-09 13:02:02,769 - INFO - 
wav_path: ./datasets/speech_commands/train/no/b959cd0c_nohash_4.wav
save_path: ./datasets/temp/train_0/no_b959cd0c_lefthash_4.wav
iter: 200, mask_mean: 0.5481409430503845
init_att_loss: 0.7245064377784729, att_loss: 0.7145517468452454
init_l2_loss: 0.020717058330774307, l2_loss: 0.020656388252973557
tensor([[[[0.3363, 0.6460, 0.5630,  ..., 0.6891, 0.6023, 0.2419],
          [0.3542, 0.6925, 0.2048,  ..., 0.6894, 0.6805, 0.6334],
          [0.4533, 0.5721, 0.7286,  ..., 0.5185, 0.7864, 0.4577],
          ...,
          [0.8238, 0.5381, 0.6776,  ..., 0.2000, 0.5130, 0.8035],
          [0.3577, 0.4421, 0.8039,  ..., 0.6760, 0.7339, 0.9000],
          [0.6601, 0.9000, 0.7952,  ..., 0.5110, 0.3032, 0.4512]]]],
       device='cuda:1', requires_grad=True)

2024-09-09 13:02:10,045 - INFO - 
wav_path: ./datasets/speech_commands/train/no/ced835d3_nohash_3.wav
save_path: ./datasets/temp/train_0/no_ced835d3_lefthash_3.wav
iter: 200, mask_mean: 0.5491098165512085
init_att_loss: 0.43675869703292847, att_loss: 0.4299570918083191
init_l2_loss: 0.01290968433022499, l2_loss: 0.012921452522277832
tensor([[[[0.4395, 0.2671, 0.8438,  ..., 0.8320, 0.8118, 0.2477],
          [0.7566, 0.2075, 0.4255,  ..., 0.8386, 0.3288, 0.4656],
          [0.8038, 0.6605, 0.8152,  ..., 0.2369, 0.9000, 0.2000],
          ...,
          [0.6626, 0.4953, 0.8773,  ..., 0.5018, 0.8038, 0.5919],
          [0.5760, 0.2597, 0.7474,  ..., 0.3436, 0.6294, 0.6921],
          [0.6918, 0.8186, 0.2633,  ..., 0.8606, 0.6833, 0.7902]]]],
       device='cuda:1', requires_grad=True)

2024-09-09 13:02:27,654 - INFO - 
wav_path: ./datasets/speech_commands/train/no/fd395b74_nohash_1.wav
save_path: ./datasets/temp/train_0/no_fd395b74_lefthash_1.wav
iter: 200, mask_mean: 0.5522112250328064
init_att_loss: 0.7945231199264526, att_loss: 0.786575198173523
init_l2_loss: 0.02326171100139618, l2_loss: 0.023020626977086067
tensor([[[[0.6767, 0.5072, 0.5837,  ..., 0.7806, 0.6741, 0.3989],
          [0.6234, 0.3471, 0.5861,  ..., 0.2520, 0.4609, 0.6539],
          [0.2276, 0.4251, 0.5541,  ..., 0.4767, 0.8245, 0.5912],
          ...,
          [0.3665, 0.2884, 0.6896,  ..., 0.2026, 0.6751, 0.2000],
          [0.7490, 0.2164, 0.3311,  ..., 0.2095, 0.4991, 0.5221],
          [0.5755, 0.5917, 0.8216,  ..., 0.7486, 0.8106, 0.7204]]]],
       device='cuda:1', requires_grad=True)

2024-09-09 13:02:41,956 - INFO - 
wav_path: ./datasets/speech_commands/train/no/5c39594f_nohash_1.wav
save_path: ./datasets/temp/train_0/no_5c39594f_lefthash_1.wav
iter: 200, mask_mean: 0.5538860559463501
init_att_loss: 0.38262924551963806, att_loss: 0.3814217150211334
init_l2_loss: 0.002745437202975154, l2_loss: 0.0027625299990177155
tensor([[[[0.6866, 0.5023, 0.3014,  ..., 0.4920, 0.4316, 0.2619],
          [0.2935, 0.6040, 0.5706,  ..., 0.9000, 0.8113, 0.8249],
          [0.4503, 0.8813, 0.8617,  ..., 0.4702, 0.2012, 0.6537],
          ...,
          [0.2662, 0.7164, 0.4031,  ..., 0.5899, 0.7533, 0.4562],
          [0.2841, 0.5670, 0.9000,  ..., 0.7189, 0.7129, 0.2962],
          [0.4626, 0.3621, 0.6896,  ..., 0.6955, 0.6816, 0.8108]]]],
       device='cuda:1', requires_grad=True)

2024-09-09 13:03:17,717 - INFO - 
wav_path: ./datasets/speech_commands/train/no/fd395b74_nohash_3.wav
save_path: ./datasets/temp/train_0/no_fd395b74_lefthash_3.wav
iter: 200, mask_mean: 0.5475044846534729
init_att_loss: 0.6715221405029297, att_loss: 0.6626260280609131
init_l2_loss: 0.013741032220423222, l2_loss: 0.013650542125105858
tensor([[[[0.7722, 0.8384, 0.5177,  ..., 0.4048, 0.2514, 0.5518],
          [0.7362, 0.4739, 0.8216,  ..., 0.8379, 0.4050, 0.6357],
          [0.6966, 0.2671, 0.3132,  ..., 0.3655, 0.4764, 0.2496],
          ...,
          [0.3601, 0.5652, 0.3865,  ..., 0.3300, 0.7365, 0.8416],
          [0.7125, 0.2309, 0.9000,  ..., 0.4920, 0.6831, 0.5096],
          [0.8601, 0.6437, 0.4551,  ..., 0.7613, 0.5025, 0.6290]]]],
       device='cuda:1', requires_grad=True)

2024-09-09 13:03:24,113 - INFO - 
wav_path: ./datasets/speech_commands/train/no/9886d8bf_nohash_3.wav
save_path: ./datasets/temp/train_0/no_9886d8bf_lefthash_3.wav
iter: 200, mask_mean: 0.5514452457427979
init_att_loss: 0.9858513474464417, att_loss: 0.9549980163574219
init_l2_loss: 0.03733844310045242, l2_loss: 0.037377212196588516
tensor([[[[0.5993, 0.6196, 0.4278,  ..., 0.2000, 0.7341, 0.8144],
          [0.7635, 0.3586, 0.6943,  ..., 0.6715, 0.5482, 0.7897],
          [0.2000, 0.4694, 0.8134,  ..., 0.2000, 0.6214, 0.5046],
          ...,
          [0.7348, 0.2707, 0.5640,  ..., 0.7053, 0.2033, 0.7785],
          [0.7936, 0.5090, 0.3821,  ..., 0.5866, 0.3575, 0.3614],
          [0.6792, 0.7841, 0.5177,  ..., 0.6969, 0.3914, 0.2000]]]],
       device='cuda:1', requires_grad=True)

2024-09-09 13:03:45,623 - INFO - 
wav_path: ./datasets/speech_commands/train/no/190821dc_nohash_1.wav
save_path: ./datasets/temp/train_0/no_190821dc_lefthash_1.wav
iter: 200, mask_mean: 0.5491405725479126
init_att_loss: 1.306038498878479, att_loss: 1.2928452491760254
init_l2_loss: 0.019089799374341965, l2_loss: 0.019121648743748665
tensor([[[[0.3332, 0.4392, 0.7839,  ..., 0.5728, 0.2166, 0.7343],
          [0.5941, 0.4486, 0.5518,  ..., 0.5189, 0.8224, 0.5534],
          [0.5035, 0.4018, 0.5016,  ..., 0.3836, 0.7474, 0.4396],
          ...,
          [0.6478, 0.6124, 0.2418,  ..., 0.6012, 0.8146, 0.8867],
          [0.7338, 0.5284, 0.5640,  ..., 0.4372, 0.4742, 0.8497],
          [0.6623, 0.6162, 0.5857,  ..., 0.4485, 0.8544, 0.8235]]]],
       device='cuda:1', requires_grad=True)

2024-09-09 13:03:52,549 - INFO - 
wav_path: ./datasets/speech_commands/train/no/6366f61a_nohash_0.wav
save_path: ./datasets/temp/train_0/no_6366f61a_lefthash_0.wav
iter: 200, mask_mean: 0.5484552383422852
init_att_loss: 0.9600746631622314, att_loss: 0.9425570964813232
init_l2_loss: 0.08746714144945145, l2_loss: 0.0874796062707901
tensor([[[[0.6430, 0.4457, 0.5882,  ..., 0.2509, 0.9000, 0.4666],
          [0.3014, 0.8317, 0.3480,  ..., 0.7895, 0.4896, 0.4840],
          [0.2997, 0.3087, 0.7175,  ..., 0.4328, 0.7047, 0.6726],
          ...,
          [0.8322, 0.3529, 0.6017,  ..., 0.5587, 0.4300, 0.3171],
          [0.6846, 0.7497, 0.5438,  ..., 0.3110, 0.6317, 0.7898],
          [0.2471, 0.5312, 0.4025,  ..., 0.3172, 0.6839, 0.5657]]]],
       device='cuda:1', requires_grad=True)

2024-09-09 13:03:59,595 - INFO - 
wav_path: ./datasets/speech_commands/train/no/e96a5020_nohash_2.wav
save_path: ./datasets/temp/train_0/no_e96a5020_lefthash_2.wav
iter: 200, mask_mean: 0.5499424934387207
init_att_loss: 0.14224612712860107, att_loss: 0.13512790203094482
init_l2_loss: 0.0036602402105927467, l2_loss: 0.003653515363112092
tensor([[[[0.3336, 0.3715, 0.4533,  ..., 0.4288, 0.3609, 0.4517],
          [0.7499, 0.6908, 0.6347,  ..., 0.7554, 0.5300, 0.5544],
          [0.7322, 0.5504, 0.2915,  ..., 0.7354, 0.4470, 0.4170],
          ...,
          [0.3081, 0.5888, 0.5411,  ..., 0.5806, 0.2022, 0.8321],
          [0.3537, 0.4946, 0.3220,  ..., 0.3108, 0.5367, 0.5182],
          [0.2596, 0.6840, 0.5258,  ..., 0.7817, 0.5541, 0.5952]]]],
       device='cuda:1', requires_grad=True)

2024-09-09 13:04:06,613 - INFO - 
wav_path: ./datasets/speech_commands/train/no/b4aa9fef_nohash_1.wav
save_path: ./datasets/temp/train_0/no_b4aa9fef_lefthash_1.wav
iter: 200, mask_mean: 0.5510228872299194
init_att_loss: 0.9705730080604553, att_loss: 0.9641730189323425
init_l2_loss: 0.04733956232666969, l2_loss: 0.04742445424199104
tensor([[[[0.4555, 0.8325, 0.4691,  ..., 0.2613, 0.6872, 0.3966],
          [0.6760, 0.8463, 0.5509,  ..., 0.7504, 0.9000, 0.7820],
          [0.2709, 0.5350, 0.3756,  ..., 0.6745, 0.5801, 0.5956],
          ...,
          [0.4709, 0.4816, 0.3558,  ..., 0.2000, 0.7453, 0.6224],
          [0.4484, 0.9000, 0.6730,  ..., 0.5108, 0.6842, 0.6740],
          [0.3705, 0.6766, 0.4760,  ..., 0.3174, 0.3455, 0.6879]]]],
       device='cuda:1', requires_grad=True)

2024-09-09 13:05:28,454 - INFO - 
wav_path: ./datasets/speech_commands/train/no/b959cd0c_nohash_4.wav
save_path: ./datasets/temp/train_0/no_b959cd0c_lefthash_4.wav
iter: 200, mask_mean: 0.4974346160888672
init_att_loss: 0.7254383563995361, att_loss: 0.7152115702629089
init_l2_loss: 0.020437341183423996, l2_loss: 0.020387383177876472
tensor([[[[2.1209e-01, 6.2144e-01, 5.0103e-01,  ..., 6.8193e-01,
           5.9267e-01, 4.2701e-02],
          [2.3738e-01, 6.8650e-01, 2.4085e-02,  ..., 7.1633e-01,
           7.0394e-01, 6.0214e-01],
          [3.4441e-01, 5.4864e-01, 7.3749e-01,  ..., 5.0578e-01,
           8.2086e-01, 3.5113e-01],
          ...,
          [8.7472e-01, 4.6634e-01, 6.9781e-01,  ..., 1.0000e-04,
           4.6467e-01, 8.7590e-01],
          [2.4334e-01, 3.6589e-01, 8.4835e-01,  ..., 7.0026e-01,
           7.2964e-01, 9.8572e-01],
          [6.3998e-01, 9.9990e-01, 8.3800e-01,  ..., 4.6390e-01,
           1.3410e-01, 3.3778e-01]]]], device='cuda:1', requires_grad=True)

2024-09-09 13:05:35,674 - INFO - 
wav_path: ./datasets/speech_commands/train/no/ced835d3_nohash_3.wav
save_path: ./datasets/temp/train_0/no_ced835d3_lefthash_3.wav
iter: 200, mask_mean: 0.498841792345047
init_att_loss: 0.4365561306476593, att_loss: 0.42987701296806335
init_l2_loss: 0.012731689028441906, l2_loss: 0.012722473591566086
tensor([[[[3.2686e-01, 8.1177e-02, 9.0440e-01,  ..., 8.8563e-01,
           8.5689e-01, 5.1193e-02],
          [8.2423e-01, 2.8490e-02, 3.0776e-01,  ..., 8.9563e-01,
           1.6711e-01, 3.6273e-01],
          [8.8306e-01, 6.4142e-01, 8.6545e-01,  ..., 6.9854e-02,
           9.9990e-01, 1.6270e-02],
          ...,
          [6.7716e-01, 4.0536e-01, 9.4885e-01,  ..., 4.1538e-01,
           8.4399e-01, 5.7671e-01],
          [5.5263e-01, 6.7995e-02, 7.9824e-01,  ..., 1.8907e-01,
           6.2146e-01, 6.8661e-01],
          [7.7529e-01, 8.6627e-01, 1.0000e-04,  ..., 9.3153e-01,
           6.7428e-01, 8.6181e-01]]]], device='cuda:1', requires_grad=True)

2024-09-11 20:56:14,622 - INFO - 0
2024-09-11 20:56:14,638 - INFO - 2
2024-09-14 21:42:37,713 - INFO - 
wav_path: ./datasets/speech_commands/train/off/e96a5020_nohash_0.wav
save_path: ./datasets/temp/train_0/off_e96a5020_nohash_0.wav
iter: 200       mask_mean: 0.551
init_att_loss: 0.186    att_loss: 0.184    drop: 0.002 / 1.331%
init_l2_loss : 0.003    l2_loss : 0.003    drop: 0.000 / 0.038%
tensor([[[[0.4027, 0.5397, 0.3055,  ..., 0.6095, 0.8949, 0.3429],
          [0.3812, 0.7469, 0.4917,  ..., 0.5671, 0.3419, 0.5739],
          [0.7858, 0.3539, 0.8857,  ..., 0.5448, 0.2563, 0.7655],
          ...,
          [0.8450, 0.3755, 0.8726,  ..., 0.2960, 0.8321, 0.6821],
          [0.6068, 0.8040, 0.5861,  ..., 0.2926, 0.4344, 0.3786],
          [0.2038, 0.3101, 0.6705,  ..., 0.6072, 0.5228, 0.3271]]]],
       device='cuda:1', requires_grad=True)

2024-09-14 21:42:43,846 - INFO - 
wav_path: ./datasets/speech_commands/train/left/6f1ffef6_nohash_0.wav
save_path: ./datasets/temp/train_0/left_6f1ffef6_nohash_0.wav
iter: 200       mask_mean: 0.544
init_att_loss: 0.094    att_loss: 0.074    drop: 0.019 / 20.771%
init_l2_loss : 0.067    l2_loss : 0.066    drop: 0.001 / 1.650%
tensor([[[[0.5449, 0.4241, 0.6576,  ..., 0.6129, 0.2028, 0.7211],
          [0.3743, 0.5171, 0.2464,  ..., 0.6011, 0.6479, 0.2681],
          [0.8990, 0.7312, 0.4868,  ..., 0.5558, 0.4027, 0.9000],
          ...,
          [0.6605, 0.4521, 0.4313,  ..., 0.5256, 0.7490, 0.5885],
          [0.4723, 0.7793, 0.4127,  ..., 0.9000, 0.8006, 0.7198],
          [0.7170, 0.8252, 0.8023,  ..., 0.2540, 0.7720, 0.5980]]]],
       device='cuda:1', requires_grad=True)

2024-09-14 21:42:51,125 - INFO - 
wav_path: ./datasets/speech_commands/train/left/1ed557b9_nohash_1.wav
save_path: ./datasets/temp/train_0/left_1ed557b9_nohash_1.wav
iter: 200       mask_mean: 0.546
init_att_loss: 0.044    att_loss: 0.028    drop: 0.017 / 37.455%
init_l2_loss : 0.063    l2_loss : 0.062    drop: 0.001 / 0.969%
tensor([[[[0.8229, 0.3318, 0.5739,  ..., 0.2148, 0.3741, 0.6029],
          [0.5340, 0.2089, 0.2926,  ..., 0.5866, 0.7413, 0.2497],
          [0.6352, 0.4393, 0.2000,  ..., 0.7612, 0.7905, 0.7539],
          ...,
          [0.7863, 0.4369, 0.3099,  ..., 0.2000, 0.7598, 0.5259],
          [0.6722, 0.2000, 0.4122,  ..., 0.7427, 0.2632, 0.7020],
          [0.5035, 0.5428, 0.7334,  ..., 0.7968, 0.2000, 0.5364]]]],
       device='cuda:1', requires_grad=True)

2024-09-14 21:42:58,367 - INFO - 
wav_path: ./datasets/speech_commands/train/left/305776dd_nohash_0.wav
save_path: ./datasets/temp/train_0/left_305776dd_nohash_0.wav
iter: 200       mask_mean: 0.544
init_att_loss: 0.056    att_loss: 0.040    drop: 0.015 / 27.590%
init_l2_loss : 0.103    l2_loss : 0.100    drop: 0.003 / 3.004%
tensor([[[[0.4201, 0.5390, 0.8360,  ..., 0.6044, 0.5501, 0.8642],
          [0.6344, 0.5379, 0.2529,  ..., 0.8384, 0.4212, 0.5814],
          [0.8415, 0.7696, 0.8636,  ..., 0.8293, 0.7926, 0.8747],
          ...,
          [0.2898, 0.2000, 0.6302,  ..., 0.3888, 0.5661, 0.5253],
          [0.2405, 0.8285, 0.4836,  ..., 0.6454, 0.3014, 0.8395],
          [0.3535, 0.7539, 0.5704,  ..., 0.4264, 0.5028, 0.4461]]]],
       device='cuda:1', requires_grad=True)

2024-09-14 21:43:05,701 - INFO - 
wav_path: ./datasets/speech_commands/train/left/6f342826_nohash_0.wav
save_path: ./datasets/temp/train_0/left_6f342826_nohash_0.wav
iter: 200       mask_mean: 0.547
init_att_loss: 0.049    att_loss: 0.033    drop: 0.015 / 31.604%
init_l2_loss : 0.100    l2_loss : 0.099    drop: 0.001 / 1.438%
tensor([[[[0.7318, 0.6730, 0.6127,  ..., 0.3460, 0.5061, 0.6727],
          [0.5087, 0.3503, 0.3358,  ..., 0.4102, 0.5545, 0.6893],
          [0.3094, 0.4311, 0.3017,  ..., 0.8796, 0.2564, 0.7162],
          ...,
          [0.4803, 0.3764, 0.5515,  ..., 0.2155, 0.4171, 0.6173],
          [0.2000, 0.6659, 0.8269,  ..., 0.5792, 0.7406, 0.6787],
          [0.3369, 0.8445, 0.4209,  ..., 0.5735, 0.8499, 0.2725]]]],
       device='cuda:1', requires_grad=True)

2024-09-14 21:43:12,703 - INFO - 
wav_path: ./datasets/speech_commands/train/left/2ce7534c_nohash_1.wav
save_path: ./datasets/temp/train_0/left_2ce7534c_nohash_1.wav
iter: 200       mask_mean: 0.545
init_att_loss: 0.029    att_loss: 0.017    drop: 0.012 / 41.706%
init_l2_loss : 0.070    l2_loss : 0.068    drop: 0.001 / 1.667%
tensor([[[[0.8822, 0.2997, 0.5948,  ..., 0.6118, 0.4638, 0.7958],
          [0.2000, 0.8462, 0.7709,  ..., 0.5517, 0.5634, 0.5731],
          [0.2116, 0.2088, 0.7794,  ..., 0.7387, 0.4777, 0.8561],
          ...,
          [0.5743, 0.8004, 0.6306,  ..., 0.3113, 0.5497, 0.4538],
          [0.6007, 0.8914, 0.7513,  ..., 0.7469, 0.7669, 0.4205],
          [0.6255, 0.4199, 0.9000,  ..., 0.4216, 0.2910, 0.6901]]]],
       device='cuda:1', requires_grad=True)

2024-09-14 21:43:20,163 - INFO - 
wav_path: ./datasets/speech_commands/train/off/b9f46737_nohash_2.wav
save_path: ./datasets/temp/train_0/off_b9f46737_nohash_2.wav
iter: 200       mask_mean: 0.552
init_att_loss: 0.921    att_loss: 0.921    drop: 0.000 / 0.046%
init_l2_loss : 0.021    l2_loss : 0.021    drop: 0.000 / 1.233%
tensor([[[[0.3860, 0.3458, 0.4780,  ..., 0.6023, 0.5705, 0.4104],
          [0.3805, 0.2075, 0.6521,  ..., 0.8018, 0.8605, 0.6916],
          [0.6865, 0.7226, 0.8785,  ..., 0.3197, 0.7590, 0.2687],
          ...,
          [0.5294, 0.2000, 0.2492,  ..., 0.5757, 0.8515, 0.2729],
          [0.6194, 0.2536, 0.7233,  ..., 0.4390, 0.6944, 0.3097],
          [0.9000, 0.4095, 0.4292,  ..., 0.5888, 0.5898, 0.2749]]]],
       device='cuda:1', requires_grad=True)

2024-09-14 21:43:27,454 - INFO - 
wav_path: ./datasets/speech_commands/train/left/1cc80e39_nohash_0.wav
save_path: ./datasets/temp/train_0/left_1cc80e39_nohash_0.wav
iter: 200       mask_mean: 0.544
init_att_loss: 0.037    att_loss: 0.023    drop: 0.013 / 36.310%
init_l2_loss : 0.051    l2_loss : 0.050    drop: 0.001 / 2.021%
tensor([[[[0.3734, 0.7683, 0.7609,  ..., 0.5444, 0.4687, 0.3418],
          [0.5717, 0.2348, 0.6863,  ..., 0.5521, 0.5057, 0.9000],
          [0.4581, 0.5918, 0.4216,  ..., 0.5826, 0.4509, 0.5924],
          ...,
          [0.8487, 0.6384, 0.6022,  ..., 0.6883, 0.8548, 0.8569],
          [0.5388, 0.7169, 0.6828,  ..., 0.4366, 0.7666, 0.7760],
          [0.4466, 0.2677, 0.7727,  ..., 0.3293, 0.8054, 0.2987]]]],
       device='cuda:1', requires_grad=True)

2024-09-14 21:43:34,670 - INFO - 
wav_path: ./datasets/speech_commands/train/left/2589f361_nohash_1.wav
save_path: ./datasets/temp/train_0/left_2589f361_nohash_1.wav
iter: 200       mask_mean: 0.550
init_att_loss: 0.037    att_loss: 0.031    drop: 0.006 / 17.090%
init_l2_loss : 0.028    l2_loss : 0.027    drop: 0.001 / 2.453%
tensor([[[[0.4106, 0.8412, 0.7906,  ..., 0.8514, 0.5768, 0.4465],
          [0.6067, 0.3031, 0.3933,  ..., 0.4574, 0.5188, 0.4934],
          [0.7390, 0.3415, 0.5051,  ..., 0.2000, 0.3726, 0.2493],
          ...,
          [0.2440, 0.6515, 0.5928,  ..., 0.6190, 0.3481, 0.6538],
          [0.7666, 0.4920, 0.3939,  ..., 0.8783, 0.6089, 0.3605],
          [0.5553, 0.3275, 0.5448,  ..., 0.7852, 0.2318, 0.2554]]]],
       device='cuda:1', requires_grad=True)

2024-09-14 21:43:41,850 - INFO - 
wav_path: ./datasets/speech_commands/train/left/dcc012ec_nohash_2.wav
save_path: ./datasets/temp/train_0/left_dcc012ec_nohash_2.wav
iter: 200       mask_mean: 0.550
init_att_loss: 0.037    att_loss: 0.025    drop: 0.012 / 32.621%
init_l2_loss : 0.035    l2_loss : 0.034    drop: 0.001 / 1.661%
tensor([[[[0.4944, 0.8592, 0.2899,  ..., 0.7224, 0.5689, 0.3109],
          [0.5451, 0.6758, 0.2468,  ..., 0.5298, 0.5361, 0.3856],
          [0.2596, 0.2822, 0.2187,  ..., 0.3641, 0.5675, 0.7629],
          ...,
          [0.8072, 0.3900, 0.7630,  ..., 0.4017, 0.5919, 0.2611],
          [0.5014, 0.3664, 0.3469,  ..., 0.3553, 0.3728, 0.5142],
          [0.7203, 0.8381, 0.2763,  ..., 0.3814, 0.4199, 0.3608]]]],
       device='cuda:1', requires_grad=True)

2024-09-14 21:43:49,083 - INFO - 
wav_path: ./datasets/speech_commands/train/left/6940f7f3_nohash_0.wav
save_path: ./datasets/temp/train_0/left_6940f7f3_nohash_0.wav
iter: 200       mask_mean: 0.541
init_att_loss: 0.088    att_loss: 0.070    drop: 0.018 / 20.269%
init_l2_loss : 0.073    l2_loss : 0.071    drop: 0.002 / 2.276%
tensor([[[[0.7933, 0.5575, 0.2000,  ..., 0.6502, 0.6138, 0.5106],
          [0.7700, 0.5561, 0.7612,  ..., 0.4328, 0.2978, 0.3641],
          [0.7017, 0.7647, 0.6558,  ..., 0.2930, 0.4217, 0.5573],
          ...,
          [0.2327, 0.2432, 0.3506,  ..., 0.6524, 0.3835, 0.2000],
          [0.3323, 0.5065, 0.2844,  ..., 0.4302, 0.6221, 0.6462],
          [0.4063, 0.4623, 0.8139,  ..., 0.8998, 0.5214, 0.7477]]]],
       device='cuda:1', requires_grad=True)

2024-09-14 21:43:56,420 - INFO - 
wav_path: ./datasets/speech_commands/train/left/11b1df78_nohash_1.wav
save_path: ./datasets/temp/train_0/left_11b1df78_nohash_1.wav
iter: 200       mask_mean: 0.544
init_att_loss: 0.022    att_loss: 0.015    drop: 0.007 / 33.029%
init_l2_loss : 0.058    l2_loss : 0.056    drop: 0.002 / 3.098%
tensor([[[[0.5447, 0.3633, 0.4486,  ..., 0.4183, 0.7539, 0.7140],
          [0.3887, 0.2416, 0.6791,  ..., 0.2000, 0.3066, 0.8522],
          [0.3757, 0.3212, 0.2000,  ..., 0.2000, 0.7902, 0.5061],
          ...,
          [0.8505, 0.3949, 0.4266,  ..., 0.2362, 0.8316, 0.2236],
          [0.7320, 0.8442, 0.7808,  ..., 0.6430, 0.4522, 0.5429],
          [0.5827, 0.7941, 0.3004,  ..., 0.5675, 0.3850, 0.2000]]]],
       device='cuda:1', requires_grad=True)

2024-09-14 21:44:10,930 - INFO - 
wav_path: ./datasets/speech_commands/train/left/44c201dd_nohash_1.wav
save_path: ./datasets/temp/train_0/left_44c201dd_nohash_1.wav
iter: 200       mask_mean: 0.550
init_att_loss: 0.048    att_loss: 0.036    drop: 0.012 / 24.515%
init_l2_loss : 0.035    l2_loss : 0.035    drop: 0.001 / 1.475%
tensor([[[[0.9000, 0.8631, 0.5428,  ..., 0.2406, 0.2000, 0.4403],
          [0.7277, 0.3271, 0.2106,  ..., 0.7720, 0.7421, 0.7086],
          [0.3151, 0.3890, 0.2387,  ..., 0.4222, 0.2180, 0.8712],
          ...,
          [0.6880, 0.5586, 0.5897,  ..., 0.7699, 0.7334, 0.5862],
          [0.4734, 0.7469, 0.5017,  ..., 0.6992, 0.3757, 0.7711],
          [0.7879, 0.2422, 0.6258,  ..., 0.4153, 0.4545, 0.2368]]]],
       device='cuda:1', requires_grad=True)

2024-09-14 21:44:17,933 - INFO - 
wav_path: ./datasets/speech_commands/train/go/25132942_nohash_4.wav
save_path: ./datasets/temp/train_0/go_25132942_nohash_4.wav
iter: 200       mask_mean: 0.553
init_att_loss: 1.171    att_loss: 1.162    drop: 0.009 / 0.751%
init_l2_loss : 0.048    l2_loss : 0.048    drop: -0.000 / -0.217%
tensor([[[[0.5706, 0.7088, 0.8301,  ..., 0.4547, 0.2417, 0.3351],
          [0.3276, 0.6937, 0.2815,  ..., 0.2000, 0.7498, 0.5964],
          [0.4739, 0.2536, 0.8266,  ..., 0.6271, 0.7906, 0.3931],
          ...,
          [0.8155, 0.7837, 0.6203,  ..., 0.5246, 0.6334, 0.7306],
          [0.3355, 0.3559, 0.3855,  ..., 0.7121, 0.4330, 0.8916],
          [0.8367, 0.2000, 0.7063,  ..., 0.4642, 0.7196, 0.5553]]]],
       device='cuda:1', requires_grad=True)

2024-09-14 21:44:24,603 - INFO - 
wav_path: ./datasets/speech_commands/train/no/29fb33da_nohash_4.wav
save_path: ./datasets/temp/train_0/no_29fb33da_lefthash_4.wav
iter: 200       mask_mean: 0.548
init_att_loss: 1.030    att_loss: 1.026    drop: 0.004 / 0.358%
init_l2_loss : 0.037    l2_loss : 0.036    drop: 0.000 / 0.955%
tensor([[[[0.3585, 0.2932, 0.6817,  ..., 0.4673, 0.5498, 0.2965],
          [0.2000, 0.6327, 0.5385,  ..., 0.4004, 0.4225, 0.8347],
          [0.3834, 0.6337, 0.8409,  ..., 0.5222, 0.4845, 0.8006],
          ...,
          [0.5118, 0.4586, 0.5373,  ..., 0.4705, 0.5761, 0.2656],
          [0.8950, 0.5590, 0.6421,  ..., 0.6899, 0.5827, 0.7589],
          [0.7435, 0.4223, 0.4369,  ..., 0.5202, 0.6638, 0.5729]]]],
       device='cuda:1', requires_grad=True)

2024-09-14 21:44:31,558 - INFO - 
wav_path: ./datasets/speech_commands/train/left/3d3ddaf8_nohash_1.wav
save_path: ./datasets/temp/train_0/left_3d3ddaf8_nohash_1.wav
iter: 200       mask_mean: 0.546
init_att_loss: 0.026    att_loss: 0.018    drop: 0.008 / 30.755%
init_l2_loss : 0.033    l2_loss : 0.032    drop: 0.001 / 2.827%
tensor([[[[0.5394, 0.2935, 0.8229,  ..., 0.8936, 0.3949, 0.2512],
          [0.2592, 0.7840, 0.7928,  ..., 0.2969, 0.6981, 0.7925],
          [0.5853, 0.2257, 0.4702,  ..., 0.5928, 0.5127, 0.2000],
          ...,
          [0.4745, 0.7016, 0.5532,  ..., 0.6791, 0.5461, 0.4702],
          [0.5248, 0.2995, 0.8090,  ..., 0.4955, 0.3659, 0.8670],
          [0.2776, 0.7908, 0.2622,  ..., 0.3699, 0.5172, 0.5802]]]],
       device='cuda:1', requires_grad=True)

2024-09-14 21:44:37,887 - INFO - 
wav_path: ./datasets/speech_commands/train/left/4a1e736b_nohash_3.wav
save_path: ./datasets/temp/train_0/left_4a1e736b_nohash_3.wav
iter: 200       mask_mean: 0.548
init_att_loss: 0.049    att_loss: 0.039    drop: 0.010 / 19.819%
init_l2_loss : 0.055    l2_loss : 0.054    drop: 0.001 / 2.082%
tensor([[[[0.3751, 0.2046, 0.4854,  ..., 0.6273, 0.6402, 0.3558],
          [0.6061, 0.8188, 0.5475,  ..., 0.5655, 0.2194, 0.3790],
          [0.7831, 0.2186, 0.3540,  ..., 0.6891, 0.7180, 0.2441],
          ...,
          [0.3099, 0.3248, 0.2000,  ..., 0.5300, 0.3596, 0.5031],
          [0.4151, 0.5918, 0.5229,  ..., 0.6480, 0.4897, 0.6216],
          [0.7287, 0.3110, 0.6742,  ..., 0.7603, 0.3982, 0.5805]]]],
       device='cuda:1', requires_grad=True)

2024-09-19 21:12:43,462 - INFO - 
folder_name: _0
poison_test_path: ./datasets/temp/test_bit/
attack_model_name: ./models/train/resnet34_posion_left_epochs_50_batchsize_64_Adam_lr_0.0001_mom_0.9_id_5.pth
trigger_pattern: adaptive
Poison Rate: 17 / 21126 = 0.080%
ASR: 802 / 1234 = 64.992%
2024-09-19 21:13:00,518 - INFO - 
folder_name: _0
poison_test_path: ./datasets/temp/test_bit/
attack_model_name: ./models/train/resnet34_posion_left_epochs_50_batchsize_64_Adam_lr_0.0001_mom_0.9_id_5.pth
trigger_pattern: adaptive
Poison Rate: 17 / 21126 = 0.080%
ASR: 802 / 1234 = 64.992%
2024-09-19 21:13:16,796 - INFO - 
folder_name: _0
poison_test_path: ./datasets/temp/test_bit/
attack_model_name: ./models/train/resnet34_posion_left_epochs_50_batchsize_64_Adam_lr_0.0001_mom_0.9_id_5.pth
trigger_pattern: adaptive
Poison Rate: 17 / 21126 = 0.080%
ASR: 802 / 1234 = 64.992%
2024-09-19 21:23:21,458 - INFO - 
folder_name: _0
poison_test_path: ./datasets/temp/test_bit/
attack_model_name: ./models/train/resnet34_posion_left_epochs_50_batchsize_64_Adam_lr_0.0001_mom_0.9_id_5.pth
trigger_pattern: adaptive
Poison Rate: 17 / 21126 = 0.080%
ASR: 673 / 1234 = 54.538%
2024-09-19 21:23:38,374 - INFO - 
folder_name: _0
poison_test_path: ./datasets/temp/test_bit/
attack_model_name: ./models/train/resnet34_posion_left_epochs_50_batchsize_64_Adam_lr_0.0001_mom_0.9_id_5.pth
trigger_pattern: adaptive
Poison Rate: 17 / 21126 = 0.080%
ASR: 673 / 1234 = 54.538%
2024-09-19 21:23:55,000 - INFO - 
folder_name: _0
poison_test_path: ./datasets/temp/test_bit/
attack_model_name: ./models/train/resnet34_posion_left_epochs_50_batchsize_64_Adam_lr_0.0001_mom_0.9_id_5.pth
trigger_pattern: adaptive
Poison Rate: 17 / 21126 = 0.080%
ASR: 673 / 1234 = 54.538%
